<?xml version="1.0" encoding="UTF-8"?>
<!-- Generated by org.testng.reporters.JUnitXMLReporter -->
<testsuite ignored="0" hostname="user" failures="1" tests="1" name="Add Customer Test" time="0.007" errors="0" timestamp="2020-07-10T21:54:31 IST">
  <testcase classname="com.iggroup.testcases.AddCustomerTest" name="addCustomer" time="0.002">
    <failure type="java.lang.AssertionError" message="Failing the test case">
      <![CDATA[java.lang.AssertionError: Failing the test case
at com.iggroup.testcases.AddCustomerTest.addCustomer(AddCustomerTest.java:12)
at java.base/java.util.ArrayList.forEach(ArrayList.java:1507)
... Removed 28 stack frames]]>
    </failure>
  </testcase> <!-- addCustomer -->
</testsuite> <!-- Add Customer Test -->
